Arguments: 
  /Users/jerry/.nvm/versions/node/v8.9.4/bin/node /usr/local/bin/yarn start

PATH: 
  /Users/jerry/.nvm/versions/node/v8.9.4/bin:/Users/jerry/.npm-packages/bin:/usr/local/bin:/usr/bin:/bin:/usr/sbin:/sbin:/Applications/Wireshark.app/Contents/MacOS:./node_modules/.bin/:/Users/jerry/Library/Android/sdk/tools:/Users/jerry/Library/Android/sdk/tools/bin:/Users/jerry/Library/Android/sdk/platform-tools

Yarn version: 
  1.5.1

Node version: 
  8.9.4

Platform: 
  darwin x64

npm manifest: 
  {
    "name": "todo-list",
    "version": "1.0.0",
    "description": "todo-list webpack demo",
    "main": "index.js",
    "scripts": {
      "build": "webpack --mode development --config ./webpack.js --color --progress",
      "start:dev": "webpack-dev-server --mode development --config ./webpack.js",
      "test": "echo \"Error: no test specified\" && exit 1"
    },
    "author": "",
    "license": "ISC",
    "devDependencies": {
      "@babel/core": "^7.1.2",
      "@babel/preset-env": "^7.1.0",
      "babel-loader": "^8.0.4",
      "bootstrap": "^4.1.3",
      "html-loader": "^0.5.5",
      "html-webpack-plugin": "^3.2.0",
      "jquery": "^1.9.1",
      "popper.js": "^1.14.4",
      "webpack": "^4.21.0",
      "webpack-cli": "^3.1.2",
      "webpack-dev-server": "^3.1.9"
    }
  }

yarn manifest: 
  No manifest

Lockfile: 
  No lockfile

Trace: 
  Error: Command "start" not found.
      at new MessageError (/usr/local/lib/node_modules/yarn/lib/cli.js:186:110)
      at /usr/local/lib/node_modules/yarn/lib/cli.js:87307:17
      at Generator.next (<anonymous>)
      at step (/usr/local/lib/node_modules/yarn/lib/cli.js:98:30)
      at /usr/local/lib/node_modules/yarn/lib/cli.js:116:14
      at new Promise (<anonymous>)
      at new F (/usr/local/lib/node_modules/yarn/lib/cli.js:23451:28)
      at /usr/local/lib/node_modules/yarn/lib/cli.js:95:12
      at runCommand (/usr/local/lib/node_modules/yarn/lib/cli.js:87312:22)
      at Object.<anonymous> (/usr/local/lib/node_modules/yarn/lib/cli.js:87412:14)
